<?xml version="1.0" encoding="UTF-8"?>
<testng-results ignored="0" total="2" passed="2" failed="0" skipped="0">
  <reporter-output>
  </reporter-output>
  <suite started-at="2022-04-30T14:54:59 IST" name="LoginSuite" finished-at="2022-04-30T14:55:12 IST" duration-ms="12637">
    <groups>
    </groups>
    <test started-at="2022-04-30T14:54:59 IST" name="LoginTest_chrome" finished-at="2022-04-30T14:55:07 IST" duration-ms="7600">
      <class name="com.Test.verifyLoginFb_tc001">
        <test-method is-config="true" signature="SetUp(java.lang.String)[pri:0, instance:com.Test.verifyLoginFb_tc001@d5b810e]" started-at="2022-04-30T14:54:59 IST" name="SetUp" finished-at="2022-04-30T14:55:02 IST" duration-ms="2806" status="PASS">
          <params>
            <param index="0">
              <value>
                <![CDATA[Chrome]]>
              </value>
            </param>
          </params>
          <reporter-output>
          </reporter-output>
        </test-method> <!-- SetUp -->
        <test-method signature="verifyfblogin()[pri:0, instance:com.Test.verifyLoginFb_tc001@d5b810e]" started-at="2022-04-30T14:55:02 IST" name="verifyfblogin" finished-at="2022-04-30T14:55:03 IST" duration-ms="558" status="PASS">
          <reporter-output>
          </reporter-output>
        </test-method> <!-- verifyfblogin -->
        <test-method is-config="true" signature="tearDown()[pri:0, instance:com.Test.verifyLoginFb_tc001@d5b810e]" started-at="2022-04-30T14:55:03 IST" name="tearDown" finished-at="2022-04-30T14:55:07 IST" duration-ms="4205" status="PASS">
          <reporter-output>
          </reporter-output>
        </test-method> <!-- tearDown -->
      </class> <!-- com.Test.verifyLoginFb_tc001 -->
    </test> <!-- LoginTest_chrome -->
    <test started-at="2022-04-30T14:55:07 IST" name="LoginTest_edge" finished-at="2022-04-30T14:55:12 IST" duration-ms="5024">
      <class name="com.Test.verifyLoginFb_tc001">
        <test-method is-config="true" signature="ConfigSetup()[pri:0, instance:com.Test.verifyLoginFb_tc001@2dc54ad4]" started-at="2022-04-30T14:54:58 IST" name="ConfigSetup" finished-at="2022-04-30T14:54:59 IST" duration-ms="802" status="PASS">
          <reporter-output>
          </reporter-output>
        </test-method> <!-- ConfigSetup -->
        <test-method is-config="true" signature="SetUp(java.lang.String)[pri:0, instance:com.Test.verifyLoginFb_tc001@2dc54ad4]" started-at="2022-04-30T14:55:07 IST" name="SetUp" finished-at="2022-04-30T14:55:11 IST" duration-ms="4250" status="PASS">
          <params>
            <param index="0">
              <value>
                <![CDATA[Edge]]>
              </value>
            </param>
          </params>
          <reporter-output>
          </reporter-output>
        </test-method> <!-- SetUp -->
        <test-method signature="verifyfblogin()[pri:0, instance:com.Test.verifyLoginFb_tc001@2dc54ad4]" started-at="2022-04-30T14:55:11 IST" name="verifyfblogin" finished-at="2022-04-30T14:55:12 IST" duration-ms="480" status="PASS">
          <reporter-output>
          </reporter-output>
        </test-method> <!-- verifyfblogin -->
        <test-method is-config="true" signature="tearDown()[pri:0, instance:com.Test.verifyLoginFb_tc001@2dc54ad4]" started-at="2022-04-30T14:55:12 IST" name="tearDown" finished-at="2022-04-30T14:55:12 IST" duration-ms="291" status="PASS">
          <reporter-output>
          </reporter-output>
        </test-method> <!-- tearDown -->
      </class> <!-- com.Test.verifyLoginFb_tc001 -->
    </test> <!-- LoginTest_edge -->
  </suite> <!-- LoginSuite -->
</testng-results>
